<?xml version="1.0" encoding="UTF-8"?>
<!-- Generated by org.testng.reporters.JUnitReportReporter -->
<testsuite hostname="IND04865" name="testpackage.test1.Demo1" tests="1" failures="0" timestamp="15 May 2019 10:09:05 GMT" time="10.394" errors="0">
  <testcase name="openbrowser" time="10.394" classname="testpackage.test1.Demo1"/>
</testsuite> <!-- testpackage.test1.Demo1 -->
